<?xml version="1.0" encoding="UTF-8"?>
<testng-results ignored="0" total="1" passed="1" failed="0" skipped="0">
  <reporter-output>
  </reporter-output>
  <suite started-at="2021-04-07T04:52:02Z" name="Default suite" finished-at="2021-04-07T04:52:10Z" duration-ms="8034">
    <groups>
    </groups>
    <test started-at="2021-04-07T04:52:02Z" name="Default test" finished-at="2021-04-07T04:52:10Z" duration-ms="8034">
      <class name="tests.SearchTest">
        <test-method is-config="true" signature="start()[pri:0, instance:tests.SearchTest@68f1b17f]" started-at="2021-04-07T14:52:02Z" name="start" finished-at="2021-04-07T14:52:10Z" duration-ms="7709" status="PASS">
          <reporter-output>
          </reporter-output>
        </test-method> <!-- start -->
        <test-method signature="test1()[pri:0, instance:tests.SearchTest@68f1b17f]" started-at="2021-04-07T14:52:10Z" name="test1" finished-at="2021-04-07T14:52:10Z" duration-ms="11" status="PASS">
          <reporter-output>
          </reporter-output>
        </test-method> <!-- test1 -->
        <test-method is-config="true" signature="end()[pri:0, instance:tests.SearchTest@68f1b17f]" started-at="2021-04-07T14:52:10Z" name="end" finished-at="2021-04-07T14:52:10Z" duration-ms="270" status="PASS">
          <reporter-output>
          </reporter-output>
        </test-method> <!-- end -->
      </class> <!-- tests.SearchTest -->
    </test> <!-- Default test -->
  </suite> <!-- Default suite -->
</testng-results>
